<?xml version="1.0" encoding="UTF-8"?>
<!-- Generated by org.testng.reporters.JUnitXMLReporter -->
<testsuite hostname="DESKTOP-5JIOCAM" ignored="2" name="Test" tests="2" failures="0" timestamp="22 Apr 2019 07:06:21 GMT" time="36.492" errors="0">
  <testcase name="testEditFunction" time="7.37" classname="com.yalla.testcases.TC001_EditTest"/>
  <testcase name="testButton" time="6.161" classname="com.yalla.testcases.TC002_ButtonTest"/>
  <testcase name="@AfterSuite stopReport" time="0.0" classname="utils.Reporter">
    <ignored/>
  </testcase> <!-- @AfterSuite stopReport -->
  <testcase name="@BeforeSuite startReport" time="0.0" classname="utils.Reporter">
    <ignored/>
  </testcase> <!-- @BeforeSuite startReport -->
</testsuite> <!-- Test -->
