<?xml version="1.0" encoding="UTF-8"?>
<testng-results skipped="0" failed="0" ignored="2" total="4" passed="2">
  <reporter-output>
  </reporter-output>
  <suite name="Suite" duration-ms="36492" started-at="2019-04-22T07:05:44Z" finished-at="2019-04-22T07:06:20Z">
    <groups>
    </groups>
    <test name="Test" duration-ms="36492" started-at="2019-04-22T07:05:44Z" finished-at="2019-04-22T07:06:20Z">
      <class name="com.yalla.testcases.TC001_EditTest">
        <test-method status="PASS" signature="startReport()[pri:0, instance:com.yalla.testcases.TC001_EditTest@1784306]" name="startReport" is-config="true" duration-ms="391" started-at="2019-04-22T07:05:44Z" finished-at="2019-04-22T07:05:44Z">
          <reporter-output>
          </reporter-output>
        </test-method> <!-- startReport -->
        <test-method status="PASS" signature="setData()[pri:0, instance:com.yalla.testcases.TC002_ButtonTest@15eadca]" name="setData" is-config="true" duration-ms="0" started-at="2019-04-22T07:05:44Z" finished-at="2019-04-22T07:05:44Z">
          <reporter-output>
          </reporter-output>
        </test-method> <!-- setData -->
        <test-method status="PASS" signature="report()[pri:0, instance:com.yalla.testcases.TC001_EditTest@1784306]" name="report" is-config="true" duration-ms="16" started-at="2019-04-22T07:05:44Z" finished-at="2019-04-22T07:05:44Z">
          <reporter-output>
          </reporter-output>
        </test-method> <!-- report -->
        <test-method status="PASS" signature="setData()[pri:0, instance:com.yalla.testcases.TC001_EditTest@1784306]" name="setData" is-config="true" duration-ms="0" started-at="2019-04-22T07:05:44Z" finished-at="2019-04-22T07:05:44Z">
          <reporter-output>
          </reporter-output>
        </test-method> <!-- setData -->
        <test-method status="PASS" signature="beforeMethod()[pri:0, instance:com.yalla.testcases.TC001_EditTest@1784306]" name="beforeMethod" is-config="true" duration-ms="11468" started-at="2019-04-22T07:05:45Z" finished-at="2019-04-22T07:05:56Z">
          <reporter-output>
          </reporter-output>
        </test-method> <!-- beforeMethod -->
        <test-method status="PASS" signature="testEditFunction(java.lang.String)[pri:0, instance:com.yalla.testcases.TC001_EditTest@1784306]" name="testEditFunction" duration-ms="7370" started-at="2019-04-22T07:05:56Z" data-provider="fetchData" finished-at="2019-04-22T07:06:04Z">
          <params>
            <param index="0">
              <value>
                <![CDATA[navasdeen555@gmail.com]]>
              </value>
            </param>
          </params>
          <reporter-output>
          </reporter-output>
        </test-method> <!-- testEditFunction -->
        <test-method status="PASS" signature="afterMethod()[pri:0, instance:com.yalla.testcases.TC001_EditTest@1784306]" name="afterMethod" is-config="true" duration-ms="663" started-at="2019-04-22T07:06:04Z" finished-at="2019-04-22T07:06:04Z">
          <reporter-output>
          </reporter-output>
        </test-method> <!-- afterMethod -->
        <test-method status="PASS" signature="stopReport()[pri:0, instance:com.yalla.testcases.TC001_EditTest@1784306]" name="stopReport" is-config="true" duration-ms="547" started-at="2019-04-22T07:06:21Z" finished-at="2019-04-22T07:06:21Z">
          <reporter-output>
          </reporter-output>
        </test-method> <!-- stopReport -->
      </class> <!-- com.yalla.testcases.TC001_EditTest -->
      <class name="com.yalla.testcases.TC002_ButtonTest">
        <test-method status="PASS" signature="report()[pri:0, instance:com.yalla.testcases.TC002_ButtonTest@15eadca]" name="report" is-config="true" duration-ms="0" started-at="2019-04-22T07:06:04Z" finished-at="2019-04-22T07:06:04Z">
          <reporter-output>
          </reporter-output>
        </test-method> <!-- report -->
        <test-method status="PASS" signature="beforeMethod()[pri:0, instance:com.yalla.testcases.TC002_ButtonTest@15eadca]" name="beforeMethod" is-config="true" duration-ms="9944" started-at="2019-04-22T07:06:04Z" finished-at="2019-04-22T07:06:14Z">
          <reporter-output>
          </reporter-output>
        </test-method> <!-- beforeMethod -->
        <test-method status="PASS" signature="testButton()[pri:0, instance:com.yalla.testcases.TC002_ButtonTest@15eadca]" name="testButton" duration-ms="6161" started-at="2019-04-22T07:06:14Z" finished-at="2019-04-22T07:06:20Z">
          <reporter-output>
          </reporter-output>
        </test-method> <!-- testButton -->
        <test-method status="PASS" signature="afterMethod()[pri:0, instance:com.yalla.testcases.TC002_ButtonTest@15eadca]" name="afterMethod" is-config="true" duration-ms="135" started-at="2019-04-22T07:06:20Z" finished-at="2019-04-22T07:06:20Z">
          <reporter-output>
          </reporter-output>
        </test-method> <!-- afterMethod -->
      </class> <!-- com.yalla.testcases.TC002_ButtonTest -->
    </test> <!-- Test -->
  </suite> <!-- Suite -->
</testng-results>
